<?xml version="1.0" encoding="UTF-8"?>
<!-- Generated by org.testng.reporters.JUnitXMLReporter -->
<testsuite hostname="Touseef" ignored="0" name="Test" tests="2" failures="2" timestamp="2020-06-03T22:47:25 EDT" time="1.76" errors="0">
  <testcase name="feature" time="0.527" classname="cucumber.api.testng.AbstractTestNGCucumberTests">
    <failure type="cucumber.runtime.CucumberException" message="java.lang.NullPointerException">
      <![CDATA[cucumber.runtime.CucumberException: java.lang.NullPointerException
at cucumber.api.testng.TestNGCucumberRunner.runCucumber(TestNGCucumberRunner.java:69)
at cucumber.api.testng.AbstractTestNGCucumberTests.feature(AbstractTestNGCucumberTests.java:21)
at java.util.ArrayList.forEach(ArrayList.java:1257)
Caused by: java.lang.NullPointerException
at ups.bdd.pageActions.UPSHomePageActions.openBrowser(UPSHomePageActions.java:24)
at ups.bdd.stepDefinition.UPSSearchStepDefinition.user_open_browser(UPSSearchStepDefinition.java:17)
at ✽.Given User open browser(UPSProgress.feature:8)
... Removed 27 stack frames]]>
    </failure>
  </testcase> <!-- feature -->
  <testcase name="feature" time="0.043" classname="cucumber.api.testng.AbstractTestNGCucumberTests">
    <failure type="cucumber.runtime.CucumberException" message="java.lang.NullPointerException">
      <![CDATA[cucumber.runtime.CucumberException: java.lang.NullPointerException
at cucumber.api.testng.TestNGCucumberRunner.runCucumber(TestNGCucumberRunner.java:69)
at cucumber.api.testng.AbstractTestNGCucumberTests.feature(AbstractTestNGCucumberTests.java:21)
at java.util.ArrayList.forEach(ArrayList.java:1257)
Caused by: java.lang.NullPointerException
at ups.bdd.pageActions.UPSHomePageActions.openBrowser(UPSHomePageActions.java:24)
at ups.bdd.stepDefinition.UPSSearchStepDefinition.user_open_browser(UPSSearchStepDefinition.java:17)
at ✽.Given User open browser(UPSsearch.feature:8)
... Removed 27 stack frames]]>
    </failure>
  </testcase> <!-- feature -->
</testsuite> <!-- Test -->
